<?xml version="1.0" encoding="UTF-8"?>
<!-- Generated by org.testng.reporters.JUnitReportReporter -->
<testsuite hostname="Harsh" failures="0" tests="10" name="capstoneproject.telecom.TestCases" time="22.034" errors="0" timestamp="2025-09-15T00:11:13 AEST" skipped="0">
  <testcase classname="capstoneproject.telecom.TestCases" name="addNewUser" time="5.241"/>
  <system-out/>
  <testcase classname="capstoneproject.telecom.TestCases" name="getUserProfile" time="1.383"/>
  <system-out/>
  <testcase classname="capstoneproject.telecom.TestCases" name="updateUser" time="4.705"/>
  <system-out/>
  <testcase classname="capstoneproject.telecom.TestCases" name="logInUser" time="1.203"/>
  <system-out/>
  <testcase classname="capstoneproject.telecom.TestCases" name="addContact" time="1.212"/>
  <system-out/>
  <testcase classname="capstoneproject.telecom.TestCases" name="getContactList" time="2.698"/>
  <system-out/>
  <testcase classname="capstoneproject.telecom.TestCases" name="getContact" time="1.148"/>
  <system-out/>
  <testcase classname="capstoneproject.telecom.TestCases" name="updateContact" time="1.365"/>
  <system-out/>
  <testcase classname="capstoneproject.telecom.TestCases" name="updateContactFirstName" time="1.899"/>
  <system-out/>
  <testcase classname="capstoneproject.telecom.TestCases" name="logOutUser" time="1.180"/>
  <system-out/>
</testsuite> <!-- capstoneproject.telecom.TestCases -->
