<?xml version="1.0" encoding="UTF-8"?>
<!-- Generated by org.testng.reporters.JUnitReportReporter -->
<testsuite hostname="Harsh" failures="0" tests="2" name="capstoneproject.telecom.TestCase1" time="6.180" errors="0" timestamp="2025-09-14T15:44:12 AEST" skipped="0">
  <testcase classname="capstoneproject.telecom.TestCase1" name="addNewUser" time="4.934"/>
  <system-out/>
  <testcase classname="capstoneproject.telecom.TestCase1" name="getUserProfile" time="1.246"/>
  <system-out/>
</testsuite> <!-- capstoneproject.telecom.TestCase1 -->
